build/app/intermediates/manifest_merge_blame_file/release/manifest-merger-blame-release-report.txt
1<?xml version="1.0" encoding="utf-8"?>
2<manifest xmlns:android="http://schemas.android.com/apk/res/android"
3    package="com.gg.zmoney"
4    android:versionCode="1"
5    android:versionName="1.0.0" >
6
7    <uses-sdk
8        android:minSdkVersion="19"
8-->src\main\AndroidManifest.xml
9        android:targetSdkVersion="33" />
9-->src\main\AndroidManifest.xml
10    <!-- Correct placement of uses-permission -->
11    <uses-permission android:name="com.google.android.gms.permission.AD_ID" />
11-->src\main\AndroidManifest.xml:3:5-79
11-->src\main\AndroidManifest.xml:3:22-76
12    <uses-permission android:name="android.permission.INTERNET" />
12-->[:google_mobile_ads] AndroidManifest.xml:9:5-67
12-->[:google_mobile_ads] AndroidManifest.xml:9:22-64
13
14    <queries>
14-->[net.openid:appauth:0.11.1] AndroidManifest.xml:24:5-32:15
15        <intent>
15-->[net.openid:appauth:0.11.1] AndroidManifest.xml:25:9-31:18
16            <action android:name="android.intent.action.VIEW" />
16-->src\main\AndroidManifest.xml:36:17-69
16-->src\main\AndroidManifest.xml:36:25-66
17
18            <category android:name="android.intent.category.BROWSABLE" />
18-->src\main\AndroidManifest.xml:38:17-78
18-->src\main\AndroidManifest.xml:38:27-75
19
20            <data android:scheme="https" />
20-->src\main\AndroidManifest.xml:39:23-64
21        </intent>
22        <!-- End of browser content -->
23        <!-- For CustomTabsService -->
24        <intent>
24-->[com.google.android.gms:play-services-ads-lite:22.5.0] AndroidManifest.xml:47:9-49:18
25            <action android:name="android.support.customtabs.action.CustomTabsService" />
25-->[com.google.android.gms:play-services-ads-lite:22.5.0] AndroidManifest.xml:48:13-90
25-->[com.google.android.gms:play-services-ads-lite:22.5.0] AndroidManifest.xml:48:21-87
26        </intent>
27    </queries>
28
29    <uses-permission android:name="android.permission.ACCESS_NETWORK_STATE" />
29-->[com.google.android.gms:play-services-ads-lite:22.5.0] AndroidManifest.xml:25:5-79
29-->[com.google.android.gms:play-services-ads-lite:22.5.0] AndroidManifest.xml:25:22-76
30    <uses-permission android:name="android.permission.ACCESS_ADSERVICES_AD_ID" />
30-->[com.google.android.gms:play-services-ads-lite:22.5.0] AndroidManifest.xml:27:5-82
30-->[com.google.android.gms:play-services-ads-lite:22.5.0] AndroidManifest.xml:27:22-79
31    <uses-permission android:name="android.permission.ACCESS_ADSERVICES_ATTRIBUTION" />
31-->[com.google.android.gms:play-services-ads-lite:22.5.0] AndroidManifest.xml:28:5-88
31-->[com.google.android.gms:play-services-ads-lite:22.5.0] AndroidManifest.xml:28:22-85
32    <uses-permission android:name="android.permission.ACCESS_ADSERVICES_TOPICS" />
32-->[com.google.android.gms:play-services-ads-lite:22.5.0] AndroidManifest.xml:29:5-83
32-->[com.google.android.gms:play-services-ads-lite:22.5.0] AndroidManifest.xml:29:22-80
33    <uses-permission android:name="android.permission.WAKE_LOCK" />
33-->[com.google.android.gms:play-services-measurement-sdk-api:20.1.2] AndroidManifest.xml:25:5-68
33-->[com.google.android.gms:play-services-measurement-sdk-api:20.1.2] AndroidManifest.xml:25:22-65
34    <uses-permission android:name="android.permission.FOREGROUND_SERVICE" />
34-->[androidx.work:work-runtime:2.7.0] AndroidManifest.xml:28:5-77
34-->[androidx.work:work-runtime:2.7.0] AndroidManifest.xml:28:22-74
35
36    <application
36-->src\main\AndroidManifest.xml:5:5-47:19
37        android:name="androidx.multidex.MultiDexApplication"
38        android:appComponentFactory="androidx.core.app.CoreComponentFactory"
38-->[androidx.core:core:1.8.0] AndroidManifest.xml:24:18-86
39        android:icon="@mipmap/ic_launcher"
39-->src\main\AndroidManifest.xml:7:9-43
40        android:label="zmoney" >
40-->src\main\AndroidManifest.xml:6:9-31
41
42        <!-- Sample Ad Manager app ID -->
43        <meta-data
43-->src\main\AndroidManifest.xml:10:9-12:69
44            android:name="com.google.android.gms.ads.APPLICATION_ID"
44-->src\main\AndroidManifest.xml:11:13-69
45            android:value="ca-app-pub-4652990815059289~7790651680" />
45-->src\main\AndroidManifest.xml:12:13-67
46
47        <activity
47-->src\main\AndroidManifest.xml:14:9-41:20
48            android:name="com.gg.zmoney.MainActivity"
48-->src\main\AndroidManifest.xml:15:13-41
49            android:configChanges="orientation|keyboardHidden|keyboard|screenSize|smallestScreenSize|locale|layoutDirection|fontScale|screenLayout|density|uiMode"
49-->src\main\AndroidManifest.xml:19:13-163
50            android:exported="true"
50-->src\main\AndroidManifest.xml:16:13-36
51            android:hardwareAccelerated="true"
51-->src\main\AndroidManifest.xml:20:13-47
52            android:launchMode="singleTop"
52-->src\main\AndroidManifest.xml:17:13-43
53            android:theme="@style/LaunchTheme"
53-->src\main\AndroidManifest.xml:18:13-47
54            android:windowSoftInputMode="adjustResize" >
54-->src\main\AndroidManifest.xml:21:13-55
55
56            <!-- Meta-data for the Flutter theme -->
57            <meta-data
57-->src\main\AndroidManifest.xml:24:13-26:57
58                android:name="io.flutter.embedding.android.NormalTheme"
58-->src\main\AndroidManifest.xml:25:17-72
59                android:resource="@style/NormalTheme" />
59-->src\main\AndroidManifest.xml:26:17-54
60
61            <!-- Default intent filter for the main launcher activity -->
62            <intent-filter>
62-->src\main\AndroidManifest.xml:29:13-32:29
63                <action android:name="android.intent.action.MAIN" />
63-->src\main\AndroidManifest.xml:30:17-68
63-->src\main\AndroidManifest.xml:30:25-66
64
65                <category android:name="android.intent.category.LAUNCHER" />
65-->src\main\AndroidManifest.xml:31:17-76
65-->src\main\AndroidManifest.xml:31:27-74
66            </intent-filter>
67
68            <!-- Intent filter for OAuth redirection -->
69            <intent-filter>
69-->src\main\AndroidManifest.xml:35:13-40:29
70                <action android:name="android.intent.action.VIEW" />
70-->src\main\AndroidManifest.xml:36:17-69
70-->src\main\AndroidManifest.xml:36:25-66
71
72                <category android:name="android.intent.category.DEFAULT" />
72-->src\main\AndroidManifest.xml:37:17-76
72-->src\main\AndroidManifest.xml:37:27-73
73                <category android:name="android.intent.category.BROWSABLE" />
73-->src\main\AndroidManifest.xml:38:17-78
73-->src\main\AndroidManifest.xml:38:27-75
74
75                <data android:scheme="temporary_redirect_scheme" />
75-->src\main\AndroidManifest.xml:39:23-64
76            </intent-filter>
77        </activity>
78
79        <!-- Meta-data for Flutter embedding -->
80        <meta-data
80-->src\main\AndroidManifest.xml:44:9-46:33
81            android:name="flutterEmbedding"
81-->src\main\AndroidManifest.xml:45:13-44
82            android:value="2" />
82-->src\main\AndroidManifest.xml:46:13-30
83        <meta-data
83-->[:google_mobile_ads] AndroidManifest.xml:12:9-14:36
84            android:name="io.flutter.embedded_views_preview"
84-->[:google_mobile_ads] AndroidManifest.xml:13:13-61
85            android:value="true" />
85-->[:google_mobile_ads] AndroidManifest.xml:14:13-33
86
87        <uses-library
87-->[androidx.privacysandbox.ads:ads-adservices:1.0.0-beta05] AndroidManifest.xml:23:9-25:40
88            android:name="android.ext.adservices"
88-->[androidx.privacysandbox.ads:ads-adservices:1.0.0-beta05] AndroidManifest.xml:24:13-50
89            android:required="false" />
89-->[androidx.privacysandbox.ads:ads-adservices:1.0.0-beta05] AndroidManifest.xml:25:13-37
90        <uses-library
90-->[androidx.window:window:1.0.0-beta04] AndroidManifest.xml:25:9-27:40
91            android:name="androidx.window.extensions"
91-->[androidx.window:window:1.0.0-beta04] AndroidManifest.xml:26:13-54
92            android:required="false" />
92-->[androidx.window:window:1.0.0-beta04] AndroidManifest.xml:27:13-37
93        <uses-library
93-->[androidx.window:window:1.0.0-beta04] AndroidManifest.xml:28:9-30:40
94            android:name="androidx.window.sidecar"
94-->[androidx.window:window:1.0.0-beta04] AndroidManifest.xml:29:13-51
95            android:required="false" />
95-->[androidx.window:window:1.0.0-beta04] AndroidManifest.xml:30:13-37
96
97        <activity
97-->[net.openid:appauth:0.11.1] AndroidManifest.xml:35:9-40:77
98            android:name="net.openid.appauth.AuthorizationManagementActivity"
98-->[net.openid:appauth:0.11.1] AndroidManifest.xml:36:13-78
99            android:configChanges="screenSize|smallestScreenSize|screenLayout|orientation|keyboard|keyboardHidden"
99-->[net.openid:appauth:0.11.1] AndroidManifest.xml:37:13-115
100            android:exported="false"
100-->[net.openid:appauth:0.11.1] AndroidManifest.xml:38:13-37
101            android:launchMode="singleTask"
101-->[net.openid:appauth:0.11.1] AndroidManifest.xml:39:13-44
102            android:theme="@style/Theme.AppCompat.Translucent.NoTitleBar" />
102-->[net.openid:appauth:0.11.1] AndroidManifest.xml:40:13-74
103        <activity
103-->[net.openid:appauth:0.11.1] AndroidManifest.xml:41:9-52:20
104            android:name="net.openid.appauth.RedirectUriReceiverActivity"
104-->[net.openid:appauth:0.11.1] AndroidManifest.xml:42:13-74
105            android:exported="true" >
105-->[net.openid:appauth:0.11.1] AndroidManifest.xml:43:13-36
106            <intent-filter>
106-->src\main\AndroidManifest.xml:35:13-40:29
107                <action android:name="android.intent.action.VIEW" />
107-->src\main\AndroidManifest.xml:36:17-69
107-->src\main\AndroidManifest.xml:36:25-66
108
109                <category android:name="android.intent.category.DEFAULT" />
109-->src\main\AndroidManifest.xml:37:17-76
109-->src\main\AndroidManifest.xml:37:27-73
110                <category android:name="android.intent.category.BROWSABLE" />
110-->src\main\AndroidManifest.xml:38:17-78
110-->src\main\AndroidManifest.xml:38:27-75
111
112                <data android:scheme="temporary_redirect_scheme" />
112-->src\main\AndroidManifest.xml:39:23-64
113            </intent-filter>
114        </activity> <!-- Include the AdActivity and InAppPurchaseActivity configChanges and themes. -->
115        <activity
115-->[com.google.android.gms:play-services-ads-lite:22.5.0] AndroidManifest.xml:56:9-61:43
116            android:name="com.google.android.gms.ads.AdActivity"
116-->[com.google.android.gms:play-services-ads-lite:22.5.0] AndroidManifest.xml:57:13-65
117            android:configChanges="keyboard|keyboardHidden|orientation|screenLayout|uiMode|screenSize|smallestScreenSize"
117-->[com.google.android.gms:play-services-ads-lite:22.5.0] AndroidManifest.xml:58:13-122
118            android:exported="false"
118-->[com.google.android.gms:play-services-ads-lite:22.5.0] AndroidManifest.xml:59:13-37
119            android:theme="@android:style/Theme.Translucent" />
119-->[com.google.android.gms:play-services-ads-lite:22.5.0] AndroidManifest.xml:60:13-61
120
121        <provider
121-->[com.google.android.gms:play-services-ads-lite:22.5.0] AndroidManifest.xml:63:9-68:43
122            android:name="com.google.android.gms.ads.MobileAdsInitProvider"
122-->[com.google.android.gms:play-services-ads-lite:22.5.0] AndroidManifest.xml:64:13-76
123            android:authorities="com.gg.zmoney.mobileadsinitprovider"
123-->[com.google.android.gms:play-services-ads-lite:22.5.0] AndroidManifest.xml:65:13-73
124            android:exported="false"
124-->[com.google.android.gms:play-services-ads-lite:22.5.0] AndroidManifest.xml:66:13-37
125            android:initOrder="100" />
125-->[com.google.android.gms:play-services-ads-lite:22.5.0] AndroidManifest.xml:67:13-36
126
127        <service
127-->[com.google.android.gms:play-services-ads-lite:22.5.0] AndroidManifest.xml:70:9-74:43
128            android:name="com.google.android.gms.ads.AdService"
128-->[com.google.android.gms:play-services-ads-lite:22.5.0] AndroidManifest.xml:71:13-64
129            android:enabled="true"
129-->[com.google.android.gms:play-services-ads-lite:22.5.0] AndroidManifest.xml:72:13-35
130            android:exported="false" />
130-->[com.google.android.gms:play-services-ads-lite:22.5.0] AndroidManifest.xml:73:13-37
131
132        <activity
132-->[com.google.android.gms:play-services-ads-lite:22.5.0] AndroidManifest.xml:76:9-80:43
133            android:name="com.google.android.gms.ads.OutOfContextTestingActivity"
133-->[com.google.android.gms:play-services-ads-lite:22.5.0] AndroidManifest.xml:77:13-82
134            android:configChanges="keyboard|keyboardHidden|orientation|screenLayout|uiMode|screenSize|smallestScreenSize"
134-->[com.google.android.gms:play-services-ads-lite:22.5.0] AndroidManifest.xml:78:13-122
135            android:exported="false" />
135-->[com.google.android.gms:play-services-ads-lite:22.5.0] AndroidManifest.xml:79:13-37
136
137        <property
137-->[com.google.android.gms:play-services-ads-lite:22.5.0] AndroidManifest.xml:82:9-84:62
138            android:name="android.adservices.AD_SERVICES_CONFIG"
138-->[com.google.android.gms:play-services-ads-lite:22.5.0] AndroidManifest.xml:83:13-65
139            android:resource="@xml/gma_ad_services_config" />
139-->[com.google.android.gms:play-services-ads-lite:22.5.0] AndroidManifest.xml:84:13-59
140
141        <provider
141-->[androidx.lifecycle:lifecycle-process:2.2.0] AndroidManifest.xml:25:9-29:43
142            android:name="androidx.lifecycle.ProcessLifecycleOwnerInitializer"
142-->[androidx.lifecycle:lifecycle-process:2.2.0] AndroidManifest.xml:26:13-79
143            android:authorities="com.gg.zmoney.lifecycle-process"
143-->[androidx.lifecycle:lifecycle-process:2.2.0] AndroidManifest.xml:27:13-69
144            android:exported="false"
144-->[androidx.lifecycle:lifecycle-process:2.2.0] AndroidManifest.xml:28:13-37
145            android:multiprocess="true" />
145-->[androidx.lifecycle:lifecycle-process:2.2.0] AndroidManifest.xml:29:13-40
146
147        <activity
147-->[com.google.android.gms:play-services-base:18.0.0] AndroidManifest.xml:20:9-22:45
148            android:name="com.google.android.gms.common.api.GoogleApiActivity"
148-->[com.google.android.gms:play-services-base:18.0.0] AndroidManifest.xml:20:19-85
149            android:exported="false"
149-->[com.google.android.gms:play-services-base:18.0.0] AndroidManifest.xml:22:19-43
150            android:theme="@android:style/Theme.Translucent.NoTitleBar" />
150-->[com.google.android.gms:play-services-base:18.0.0] AndroidManifest.xml:21:19-78
151
152        <meta-data
152-->[com.google.android.gms:play-services-basement:18.2.0] AndroidManifest.xml:21:9-23:69
153            android:name="com.google.android.gms.version"
153-->[com.google.android.gms:play-services-basement:18.2.0] AndroidManifest.xml:22:13-58
154            android:value="@integer/google_play_services_version" />
154-->[com.google.android.gms:play-services-basement:18.2.0] AndroidManifest.xml:23:13-66
155
156        <provider
156-->[androidx.work:work-runtime:2.7.0] AndroidManifest.xml:31:9-39:20
157            android:name="androidx.startup.InitializationProvider"
157-->[androidx.work:work-runtime:2.7.0] AndroidManifest.xml:32:13-67
158            android:authorities="com.gg.zmoney.androidx-startup"
158-->[androidx.work:work-runtime:2.7.0] AndroidManifest.xml:33:13-68
159            android:exported="false" >
159-->[androidx.work:work-runtime:2.7.0] AndroidManifest.xml:34:13-37
160            <meta-data
160-->[androidx.work:work-runtime:2.7.0] AndroidManifest.xml:36:13-38:52
161                android:name="androidx.work.WorkManagerInitializer"
161-->[androidx.work:work-runtime:2.7.0] AndroidManifest.xml:37:17-68
162                android:value="androidx.startup" />
162-->[androidx.work:work-runtime:2.7.0] AndroidManifest.xml:38:17-49
163        </provider>
164
165        <service
165-->[androidx.work:work-runtime:2.7.0] AndroidManifest.xml:41:9-46:35
166            android:name="androidx.work.impl.background.systemalarm.SystemAlarmService"
166-->[androidx.work:work-runtime:2.7.0] AndroidManifest.xml:42:13-88
167            android:directBootAware="false"
167-->[androidx.work:work-runtime:2.7.0] AndroidManifest.xml:43:13-44
168            android:enabled="@bool/enable_system_alarm_service_default"
168-->[androidx.work:work-runtime:2.7.0] AndroidManifest.xml:44:13-72
169            android:exported="false" />
169-->[androidx.work:work-runtime:2.7.0] AndroidManifest.xml:45:13-37
170        <service
170-->[androidx.work:work-runtime:2.7.0] AndroidManifest.xml:47:9-53:35
171            android:name="androidx.work.impl.background.systemjob.SystemJobService"
171-->[androidx.work:work-runtime:2.7.0] AndroidManifest.xml:48:13-84
172            android:directBootAware="false"
172-->[androidx.work:work-runtime:2.7.0] AndroidManifest.xml:49:13-44
173            android:enabled="@bool/enable_system_job_service_default"
173-->[androidx.work:work-runtime:2.7.0] AndroidManifest.xml:50:13-70
174            android:exported="true"
174-->[androidx.work:work-runtime:2.7.0] AndroidManifest.xml:51:13-36
175            android:permission="android.permission.BIND_JOB_SERVICE" />
175-->[androidx.work:work-runtime:2.7.0] AndroidManifest.xml:52:13-69
176        <service
176-->[androidx.work:work-runtime:2.7.0] AndroidManifest.xml:54:9-59:35
177            android:name="androidx.work.impl.foreground.SystemForegroundService"
177-->[androidx.work:work-runtime:2.7.0] AndroidManifest.xml:55:13-81
178            android:directBootAware="false"
178-->[androidx.work:work-runtime:2.7.0] AndroidManifest.xml:56:13-44
179            android:enabled="@bool/enable_system_foreground_service_default"
179-->[androidx.work:work-runtime:2.7.0] AndroidManifest.xml:57:13-77
180            android:exported="false" />
180-->[androidx.work:work-runtime:2.7.0] AndroidManifest.xml:58:13-37
181
182        <receiver
182-->[androidx.work:work-runtime:2.7.0] AndroidManifest.xml:61:9-66:35
183            android:name="androidx.work.impl.utils.ForceStopRunnable$BroadcastReceiver"
183-->[androidx.work:work-runtime:2.7.0] AndroidManifest.xml:62:13-88
184            android:directBootAware="false"
184-->[androidx.work:work-runtime:2.7.0] AndroidManifest.xml:63:13-44
185            android:enabled="true"
185-->[androidx.work:work-runtime:2.7.0] AndroidManifest.xml:64:13-35
186            android:exported="false" />
186-->[androidx.work:work-runtime:2.7.0] AndroidManifest.xml:65:13-37
187        <receiver
187-->[androidx.work:work-runtime:2.7.0] AndroidManifest.xml:67:9-77:20
188            android:name="androidx.work.impl.background.systemalarm.ConstraintProxy$BatteryChargingProxy"
188-->[androidx.work:work-runtime:2.7.0] AndroidManifest.xml:68:13-106
189            android:directBootAware="false"
189-->[androidx.work:work-runtime:2.7.0] AndroidManifest.xml:69:13-44
190            android:enabled="false"
190-->[androidx.work:work-runtime:2.7.0] AndroidManifest.xml:70:13-36
191            android:exported="false" >
191-->[androidx.work:work-runtime:2.7.0] AndroidManifest.xml:71:13-37
192            <intent-filter>
192-->[androidx.work:work-runtime:2.7.0] AndroidManifest.xml:73:13-76:29
193                <action android:name="android.intent.action.ACTION_POWER_CONNECTED" />
193-->[androidx.work:work-runtime:2.7.0] AndroidManifest.xml:74:17-87
193-->[androidx.work:work-runtime:2.7.0] AndroidManifest.xml:74:25-84
194                <action android:name="android.intent.action.ACTION_POWER_DISCONNECTED" />
194-->[androidx.work:work-runtime:2.7.0] AndroidManifest.xml:75:17-90
194-->[androidx.work:work-runtime:2.7.0] AndroidManifest.xml:75:25-87
195            </intent-filter>
196        </receiver>
197        <receiver
197-->[androidx.work:work-runtime:2.7.0] AndroidManifest.xml:78:9-88:20
198            android:name="androidx.work.impl.background.systemalarm.ConstraintProxy$BatteryNotLowProxy"
198-->[androidx.work:work-runtime:2.7.0] AndroidManifest.xml:79:13-104
199            android:directBootAware="false"
199-->[androidx.work:work-runtime:2.7.0] AndroidManifest.xml:80:13-44
200            android:enabled="false"
200-->[androidx.work:work-runtime:2.7.0] AndroidManifest.xml:81:13-36
201            android:exported="false" >
201-->[androidx.work:work-runtime:2.7.0] AndroidManifest.xml:82:13-37
202            <intent-filter>
202-->[androidx.work:work-runtime:2.7.0] AndroidManifest.xml:84:13-87:29
203                <action android:name="android.intent.action.BATTERY_OKAY" />
203-->[androidx.work:work-runtime:2.7.0] AndroidManifest.xml:85:17-77
203-->[androidx.work:work-runtime:2.7.0] AndroidManifest.xml:85:25-74
204                <action android:name="android.intent.action.BATTERY_LOW" />
204-->[androidx.work:work-runtime:2.7.0] AndroidManifest.xml:86:17-76
204-->[androidx.work:work-runtime:2.7.0] AndroidManifest.xml:86:25-73
205            </intent-filter>
206        </receiver>
207        <receiver
207-->[androidx.work:work-runtime:2.7.0] AndroidManifest.xml:89:9-99:20
208            android:name="androidx.work.impl.background.systemalarm.ConstraintProxy$StorageNotLowProxy"
208-->[androidx.work:work-runtime:2.7.0] AndroidManifest.xml:90:13-104
209            android:directBootAware="false"
209-->[androidx.work:work-runtime:2.7.0] AndroidManifest.xml:91:13-44
210            android:enabled="false"
210-->[androidx.work:work-runtime:2.7.0] AndroidManifest.xml:92:13-36
211            android:exported="false" >
211-->[androidx.work:work-runtime:2.7.0] AndroidManifest.xml:93:13-37
212            <intent-filter>
212-->[androidx.work:work-runtime:2.7.0] AndroidManifest.xml:95:13-98:29
213                <action android:name="android.intent.action.DEVICE_STORAGE_LOW" />
213-->[androidx.work:work-runtime:2.7.0] AndroidManifest.xml:96:17-83
213-->[androidx.work:work-runtime:2.7.0] AndroidManifest.xml:96:25-80
214                <action android:name="android.intent.action.DEVICE_STORAGE_OK" />
214-->[androidx.work:work-runtime:2.7.0] AndroidManifest.xml:97:17-82
214-->[androidx.work:work-runtime:2.7.0] AndroidManifest.xml:97:25-79
215            </intent-filter>
216        </receiver>
217        <receiver
217-->[androidx.work:work-runtime:2.7.0] AndroidManifest.xml:100:9-109:20
218            android:name="androidx.work.impl.background.systemalarm.ConstraintProxy$NetworkStateProxy"
218-->[androidx.work:work-runtime:2.7.0] AndroidManifest.xml:101:13-103
219            android:directBootAware="false"
219-->[androidx.work:work-runtime:2.7.0] AndroidManifest.xml:102:13-44
220            android:enabled="false"
220-->[androidx.work:work-runtime:2.7.0] AndroidManifest.xml:103:13-36
221            android:exported="false" >
221-->[androidx.work:work-runtime:2.7.0] AndroidManifest.xml:104:13-37
222            <intent-filter>
222-->[androidx.work:work-runtime:2.7.0] AndroidManifest.xml:106:13-108:29
223                <action android:name="android.net.conn.CONNECTIVITY_CHANGE" />
223-->[androidx.work:work-runtime:2.7.0] AndroidManifest.xml:107:17-79
223-->[androidx.work:work-runtime:2.7.0] AndroidManifest.xml:107:25-76
224            </intent-filter>
225        </receiver>
226        <receiver
226-->[androidx.work:work-runtime:2.7.0] AndroidManifest.xml:110:9-121:20
227            android:name="androidx.work.impl.background.systemalarm.RescheduleReceiver"
227-->[androidx.work:work-runtime:2.7.0] AndroidManifest.xml:111:13-88
228            android:directBootAware="false"
228-->[androidx.work:work-runtime:2.7.0] AndroidManifest.xml:112:13-44
229            android:enabled="false"
229-->[androidx.work:work-runtime:2.7.0] AndroidManifest.xml:113:13-36
230            android:exported="false" >
230-->[androidx.work:work-runtime:2.7.0] AndroidManifest.xml:114:13-37
231            <intent-filter>
231-->[androidx.work:work-runtime:2.7.0] AndroidManifest.xml:116:13-120:29
232                <action android:name="android.intent.action.BOOT_COMPLETED" />
232-->[androidx.work:work-runtime:2.7.0] AndroidManifest.xml:117:17-79
232-->[androidx.work:work-runtime:2.7.0] AndroidManifest.xml:117:25-76
233                <action android:name="android.intent.action.TIME_SET" />
233-->[androidx.work:work-runtime:2.7.0] AndroidManifest.xml:118:17-73
233-->[androidx.work:work-runtime:2.7.0] AndroidManifest.xml:118:25-70
234                <action android:name="android.intent.action.TIMEZONE_CHANGED" />
234-->[androidx.work:work-runtime:2.7.0] AndroidManifest.xml:119:17-81
234-->[androidx.work:work-runtime:2.7.0] AndroidManifest.xml:119:25-78
235            </intent-filter>
236        </receiver>
237        <receiver
237-->[androidx.work:work-runtime:2.7.0] AndroidManifest.xml:122:9-131:20
238            android:name="androidx.work.impl.background.systemalarm.ConstraintProxyUpdateReceiver"
238-->[androidx.work:work-runtime:2.7.0] AndroidManifest.xml:123:13-99
239            android:directBootAware="false"
239-->[androidx.work:work-runtime:2.7.0] AndroidManifest.xml:124:13-44
240            android:enabled="@bool/enable_system_alarm_service_default"
240-->[androidx.work:work-runtime:2.7.0] AndroidManifest.xml:125:13-72
241            android:exported="false" >
241-->[androidx.work:work-runtime:2.7.0] AndroidManifest.xml:126:13-37
242            <intent-filter>
242-->[androidx.work:work-runtime:2.7.0] AndroidManifest.xml:128:13-130:29
243                <action android:name="androidx.work.impl.background.systemalarm.UpdateProxies" />
243-->[androidx.work:work-runtime:2.7.0] AndroidManifest.xml:129:17-98
243-->[androidx.work:work-runtime:2.7.0] AndroidManifest.xml:129:25-95
244            </intent-filter>
245        </receiver>
246        <receiver
246-->[androidx.work:work-runtime:2.7.0] AndroidManifest.xml:132:9-142:20
247            android:name="androidx.work.impl.diagnostics.DiagnosticsReceiver"
247-->[androidx.work:work-runtime:2.7.0] AndroidManifest.xml:133:13-78
248            android:directBootAware="false"
248-->[androidx.work:work-runtime:2.7.0] AndroidManifest.xml:134:13-44
249            android:enabled="true"
249-->[androidx.work:work-runtime:2.7.0] AndroidManifest.xml:135:13-35
250            android:exported="true"
250-->[androidx.work:work-runtime:2.7.0] AndroidManifest.xml:136:13-36
251            android:permission="android.permission.DUMP" >
251-->[androidx.work:work-runtime:2.7.0] AndroidManifest.xml:137:13-57
252            <intent-filter>
252-->[androidx.work:work-runtime:2.7.0] AndroidManifest.xml:139:13-141:29
253                <action android:name="androidx.work.diagnostics.REQUEST_DIAGNOSTICS" />
253-->[androidx.work:work-runtime:2.7.0] AndroidManifest.xml:140:17-88
253-->[androidx.work:work-runtime:2.7.0] AndroidManifest.xml:140:25-85
254            </intent-filter>
255        </receiver>
256
257        <service
257-->[androidx.room:room-runtime:2.2.5] AndroidManifest.xml:25:9-28:40
258            android:name="androidx.room.MultiInstanceInvalidationService"
258-->[androidx.room:room-runtime:2.2.5] AndroidManifest.xml:26:13-74
259            android:directBootAware="true"
259-->[androidx.room:room-runtime:2.2.5] AndroidManifest.xml:27:13-43
260            android:exported="false" />
260-->[androidx.room:room-runtime:2.2.5] AndroidManifest.xml:28:13-37
261    </application>
262
263</manifest>